<?xml version="1.0" encoding="UTF-8"?>
<!-- Generated by org.testng.reporters.JUnitReportReporter -->
<testsuite hostname="devvm" failures="0" tests="4" name="api.test.UserTests" time="4.187" errors="0" timestamp="2024-03-10T18:34:07 UTC" skipped="0">
  <testcase classname="api.test.UserTests" name="testCreateUser" time="0.166"/>
  <testcase classname="api.test.UserTests" name="testCreateUser" time="3.594"/>
  <testcase classname="api.test.UserTests" name="testLogin" time="0.227"/>
  <testcase classname="api.test.UserTests" name="testLogin" time="0.200"/>
</testsuite> <!-- api.test.UserTests -->
