<?xml version="1.0" encoding="UTF-8"?>
<!-- Generated by org.testng.reporters.JUnitReportReporter -->
<testsuite hostname="devvm" failures="0" tests="4" name="api.test.UserTests" time="4.319" errors="0" timestamp="2024-03-10T18:37:12 UTC" skipped="0">
  <testcase classname="api.test.UserTests" name="testPostUser" time="3.932"/>
  <testcase classname="api.test.UserTests" name="testGetUserByName" time="0.174"/>
  <testcase classname="api.test.UserTests" name="testUpdateuserByName" time="0.151"/>
  <testcase classname="api.test.UserTests" name="testDeleteUserByName" time="0.062"/>
</testsuite> <!-- api.test.UserTests -->
