<?xml version="1.0" encoding="UTF-8"?>
<!-- Generated by org.testng.reporters.JUnitReportReporter -->
<testsuite hostname="devvm" failures="0" tests="1" name="subscriptionAutomation.subscriptionPackageTests" time="13.972" errors="0" timestamp="2024-03-10T22:53:55 UTC" skipped="0">
  <testcase classname="subscriptionAutomation.subscriptionPackageTests" name="UserCanRegisterSuccssfully" time="13.972"/>
</testsuite> <!-- subscriptionAutomation.subscriptionPackageTests -->
